\BOOKMARK [1][-]{table.caption.1}{ABSTRACT}{}% 1
\BOOKMARK [1][-]{table.caption.1}{\326ZET}{}% 2
\BOOKMARK [1][-]{section.0.1}{Introduction}{}% 3
\BOOKMARK [2][-]{subsection.0.1.1}{Motivation}{section.0.1}% 4
\BOOKMARK [2][-]{subsection.0.1.2}{Broad impact}{section.0.1}% 5
\BOOKMARK [3][-]{subsubsection.0.1.2.1}{Global Impact of the solution}{subsection.0.1.2}% 6
\BOOKMARK [3][-]{subsubsection.0.1.2.2}{Economic Impact of the solution}{subsection.0.1.2}% 7
\BOOKMARK [3][-]{subsubsection.0.1.2.3}{Environmental Impact of the solution}{subsection.0.1.2}% 8
\BOOKMARK [3][-]{subsubsection.0.1.2.4}{Social Impacts of the solution}{subsection.0.1.2}% 9
\BOOKMARK [3][-]{subsubsection.0.1.2.5}{Legal Issues related to the project}{subsection.0.1.2}% 10
\BOOKMARK [1][-]{section.0.2}{Project Definition and Planning}{}% 11
\BOOKMARK [2][-]{subsection.0.2.1}{Project Definition}{section.0.2}% 12
\BOOKMARK [3][-]{subsubsection.0.2.1.1}{Dataset}{subsection.0.2.1}% 13
\BOOKMARK [3][-]{subsubsection.0.2.1.2}{Programming Languages and Frameworks}{subsection.0.2.1}% 14
\BOOKMARK [2][-]{subsection.0.2.2}{Project Planning}{section.0.2}% 15
\BOOKMARK [3][-]{subsubsection.0.2.2.1}{Aim of the project}{subsection.0.2.2}% 16
\BOOKMARK [3][-]{subsubsection.0.2.2.2}{Project Coverage}{subsection.0.2.2}% 17
\BOOKMARK [3][-]{subsubsection.0.2.2.3}{Use Cases}{subsection.0.2.2}% 18
\BOOKMARK [3][-]{subsubsection.0.2.2.4}{Success Criteria}{subsection.0.2.2}% 19
\BOOKMARK [3][-]{subsubsection.0.2.2.5}{Project time and resource estimation}{subsection.0.2.2}% 20
\BOOKMARK [3][-]{subsubsection.0.2.2.6}{Solution Strategies and Applicable Methods}{subsection.0.2.2}% 21
\BOOKMARK [3][-]{subsubsection.0.2.2.7}{Risk Analysis}{subsection.0.2.2}% 22
\BOOKMARK [3][-]{subsubsection.0.2.2.8}{Tools Needed}{subsection.0.2.2}% 23
\BOOKMARK [1][-]{section.0.3}{Theoretical Background}{}% 24
\BOOKMARK [2][-]{subsection.0.3.1}{Literature Survey}{section.0.3}% 25
\BOOKMARK [3][-]{subsubsection.0.3.1.1}{Question Answering}{subsection.0.3.1}% 26
\BOOKMARK [3][-]{subsubsection.0.3.1.2}{Question Generation}{subsection.0.3.1}% 27
\BOOKMARK [3][-]{subsubsection.0.3.1.3}{BERT Language Model}{subsection.0.3.1}% 28
\BOOKMARK [2][-]{subsection.0.3.2}{Question Generation Model with BERT Language Model}{section.0.3}% 29
\BOOKMARK [1][-]{section.0.4}{Analysis and Modeling}{}% 30
\BOOKMARK [2][-]{subsection.0.4.1}{System Factors}{section.0.4}% 31
\BOOKMARK [2][-]{subsection.0.4.2}{How System Works}{section.0.4}% 32
\BOOKMARK [3][-]{subsubsection.0.4.2.1}{Modelling}{subsection.0.4.2}% 33
\BOOKMARK [3][-]{subsubsection.0.4.2.2}{System Architecture }{subsection.0.4.2}% 34
\BOOKMARK [3][-]{subsubsection.0.4.2.3}{UML \(Unified Modeling Language\) Diagrams}{subsection.0.4.2}% 35
\BOOKMARK [1][-]{section.0.5}{Design, implementation and testing}{}% 36
\BOOKMARK [2][-]{subsection.0.5.1}{Design}{section.0.5}% 37
\BOOKMARK [3][-]{subsubsection.0.5.1.1}{Dataset}{subsection.0.5.1}% 38
\BOOKMARK [3][-]{subsubsection.0.5.1.2}{Question Generation Model}{subsection.0.5.1}% 39
\BOOKMARK [2][-]{subsection.0.5.2}{Implementation}{section.0.5}% 40
\BOOKMARK [3][-]{subsubsection.0.5.2.1}{Dataset}{subsection.0.5.2}% 41
\BOOKMARK [3][-]{subsubsection.0.5.2.2}{Question Generation Model}{subsection.0.5.2}% 42
\BOOKMARK [2][-]{subsection.0.5.3}{Testing}{section.0.5}% 43
\BOOKMARK [1][-]{section.0.6}{Results}{}% 44
\BOOKMARK [1][-]{section.0.7}{Conclusion}{}% 45
\BOOKMARK [2][-]{subsection.0.7.1}{Life-Long Learning}{section.0.7}% 46
\BOOKMARK [2][-]{subsection.0.7.2}{Professional and ethical responsibilities of engineers}{section.0.7}% 47
\BOOKMARK [2][-]{subsection.0.7.3}{Contemporary Issues}{section.0.7}% 48
\BOOKMARK [2][-]{subsection.0.7.4}{Team Work}{section.0.7}% 49
\BOOKMARK [1][-]{subsection.0.7.4}{APPENDIX A}{}% 50
